<?xml version="1.0" encoding="UTF-8"?>
<testsuite name="com.example.project.StringProblemsTest" tests="22" skipped="0" failures="0" errors="0" timestamp="2024-10-10T16:35:24" hostname="codespaces-23cc14" time="0.249">
  <properties/>
  <testcase name="testEndsly1()" classname="com.example.project.StringProblemsTest" time="0.043"/>
  <testcase name="testEndsly2()" classname="com.example.project.StringProblemsTest" time="0.006"/>
  <testcase name="testEndsly3()" classname="com.example.project.StringProblemsTest" time="0.006"/>
  <testcase name="testfizzString2A()" classname="com.example.project.StringProblemsTest" time="0.043"/>
  <testcase name="testfizzString2B()" classname="com.example.project.StringProblemsTest" time="0.001"/>
  <testcase name="testfizzString2C()" classname="com.example.project.StringProblemsTest" time="0.002"/>
  <testcase name="testfizzString2D()" classname="com.example.project.StringProblemsTest" time="0.001"/>
  <testcase name="testfizzString2E()" classname="com.example.project.StringProblemsTest" time="0.005"/>
  <testcase name="testfizzString1()" classname="com.example.project.StringProblemsTest" time="0.001"/>
  <testcase name="testfizzString2()" classname="com.example.project.StringProblemsTest" time="0.005"/>
  <testcase name="testfizzString3()" classname="com.example.project.StringProblemsTest" time="0.001"/>
  <testcase name="testConcat1()" classname="com.example.project.StringProblemsTest" time="0.028"/>
  <testcase name="testConcat2()" classname="com.example.project.StringProblemsTest" time="0.002"/>
  <testcase name="testConcat3()" classname="com.example.project.StringProblemsTest" time="0.007"/>
  <testcase name="testDefont1()" classname="com.example.project.StringProblemsTest" time="0.005"/>
  <testcase name="testDefont2()" classname="com.example.project.StringProblemsTest" time="0.001"/>
  <testcase name="testDefont3()" classname="com.example.project.StringProblemsTest" time="0.002"/>
  <testcase name="testDefront4()" classname="com.example.project.StringProblemsTest" time="0.002"/>
  <testcase name="testDefront5()" classname="com.example.project.StringProblemsTest" time="0.001"/>
  <testcase name="testWithoutX1()" classname="com.example.project.StringProblemsTest" time="0.002"/>
  <testcase name="testWithoutX2()" classname="com.example.project.StringProblemsTest" time="0.002"/>
  <testcase name="testWithoutX3()" classname="com.example.project.StringProblemsTest" time="0.005"/>
  <system-out><![CDATA[]]></system-out>
  <system-err><![CDATA[]]></system-err>
</testsuite>
